<?xml version="1.0" encoding="UTF-8"?>
<!-- Generated by org.testng.reporters.JUnitXMLReporter -->
<testsuite hostname="LAPTOP-5OBDF52I" ignored="0" name="ChTest" tests="4" failures="0" timestamp="24 Dec 2018 18:46:30 GMT" time="5.785" errors="0">
  <testcase name="@BeforeTest openBrowser" time="0.132" classname="demo.CrossBrowsersTesting">
    <failure type="java.lang.IllegalStateException" message="The driver executable does not exist: C:\Users\Zack\eclipse-workspace\selenium2TestNG\IEDriverServer.exe">
      <![CDATA[java.lang.IllegalStateException: The driver executable does not exist: C:\Users\Zack\eclipse-workspace\selenium2TestNG\IEDriverServer.exe
at com.google.common.base.Preconditions.checkState(Preconditions.java:585)
at org.openqa.selenium.remote.service.DriverService.checkExecutable(DriverService.java:146)
at org.openqa.selenium.remote.service.DriverService.findExecutable(DriverService.java:141)
at org.openqa.selenium.ie.InternetExplorerDriverService.access$000(InternetExplorerDriverService.java:35)
at org.openqa.selenium.ie.InternetExplorerDriverService$Builder.findDefaultExecutable(InternetExplorerDriverService.java:175)
at org.openqa.selenium.remote.service.DriverService$Builder.build(DriverService.java:355)
at org.openqa.selenium.ie.InternetExplorerDriver.setupService(InternetExplorerDriver.java:281)
at org.openqa.selenium.ie.InternetExplorerDriver.<init>(InternetExplorerDriver.java:211)
at org.openqa.selenium.ie.InternetExplorerDriver.<init>(InternetExplorerDriver.java:150)
at demo.CrossBrowsersTesting.openBrowser(CrossBrowsersTesting.java:35)
at java.util.concurrent.FutureTask.run(Unknown Source)
at java.util.concurrent.ThreadPoolExecutor.runWorker(Unknown Source)
at java.util.concurrent.ThreadPoolExecutor$Worker.run(Unknown Source)
at java.lang.Thread.run(Unknown Source)
... Removed 15 stack frames]]>
    </failure>
  </testcase> <!-- @BeforeTest openBrowser -->
  <testcase name="verifySinInBtnVisibility" time="0.032" classname="demo.CrossBrowsersTesting"/>
  <testcase name="verifySingInBtnEnable" time="0.015" classname="demo.CrossBrowsersTesting"/>
  <testcase name="verifyText" time="0.031" classname="demo.CrossBrowsersTesting"/>
  <testcase name="verifyTitle" time="0.012" classname="demo.CrossBrowsersTesting"/>
</testsuite> <!-- ChTest -->
