<?xml version="1.0" encoding="UTF-8"?>
<!-- Generated by org.testng.reporters.JUnitReportReporter -->
<testsuite skipped="4" hostname="LAPTOP-5OBDF52I" name="demo.CrossBrowsersTesting" tests="5" failures="0" timestamp="26 Dec 2018 17:32:55 GMT" time="0.000" errors="1">
  <testcase name="verifyText" time="0.000" classname="demo.CrossBrowsersTesting">
    <skipped/>
  </testcase> <!-- verifyText -->
  <testcase name="openBrowser" time="0.000" classname="demo.CrossBrowsersTesting">
    <error type="org.testng.TestNGException" message="
Parameter &#039;browser&#039; is required by BeforeTest on method openBrowser but has not been marked @Optional or defined
in C:\Users\Zack\AppData\Local\Temp\testng-eclipse--1004048441\testng-customsuite.xml">
      <![CDATA[org.testng.TestNGException: 
Parameter 'browser' is required by BeforeTest on method openBrowser but has not been marked @Optional or defined
in C:\Users\Zack\AppData\Local\Temp\testng-eclipse--1004048441\testng-customsuite.xml
at org.testng.internal.Parameters.createParams(Parameters.java:290)
at org.testng.internal.Parameters.createParametersForMethod(Parameters.java:359)
at org.testng.internal.Parameters.createParameters(Parameters.java:620)
at org.testng.internal.Parameters.createConfigurationParameters(Parameters.java:190)
at org.testng.internal.Invoker.invokeConfigurations(Invoker.java:209)
at org.testng.internal.Invoker.invokeConfigurations(Invoker.java:142)
at org.testng.TestRunner.beforeRun(TestRunner.java:529)
at org.testng.TestRunner.run(TestRunner.java:497)
at org.testng.SuiteRunner.runTest(SuiteRunner.java:455)
at org.testng.SuiteRunner.runSequentially(SuiteRunner.java:450)
at org.testng.SuiteRunner.privateRun(SuiteRunner.java:415)
at org.testng.SuiteRunner.run(SuiteRunner.java:364)
at org.testng.SuiteRunnerWorker.runSuite(SuiteRunnerWorker.java:52)
at org.testng.SuiteRunnerWorker.run(SuiteRunnerWorker.java:84)
at org.testng.TestNG.runSuitesSequentially(TestNG.java:1208)
at org.testng.TestNG.runSuitesLocally(TestNG.java:1137)
at org.testng.TestNG.runSuites(TestNG.java:1049)
at org.testng.TestNG.run(TestNG.java:1017)
at org.testng.remote.AbstractRemoteTestNG.run(AbstractRemoteTestNG.java:114)
at org.testng.remote.RemoteTestNG.initAndRun(RemoteTestNG.java:251)
at org.testng.remote.RemoteTestNG.main(RemoteTestNG.java:77)
]]>
    </error>
  </testcase> <!-- openBrowser -->
  <testcase name="verifyTitle" time="0.000" classname="demo.CrossBrowsersTesting">
    <skipped/>
  </testcase> <!-- verifyTitle -->
  <testcase name="verifySingInBtnEnable" time="0.000" classname="demo.CrossBrowsersTesting">
    <skipped/>
  </testcase> <!-- verifySingInBtnEnable -->
  <testcase name="verifySinInBtnVisibility" time="0.000" classname="demo.CrossBrowsersTesting">
    <skipped/>
  </testcase> <!-- verifySinInBtnVisibility -->
</testsuite> <!-- demo.CrossBrowsersTesting -->
